TN:
SF:src\app.ts
FNF:0
FNH:0
DA:2,1
DA:3,1
DA:4,1
DA:7,1
DA:10,1
DA:12,1
DA:14,1
DA:16,1
DA:18,1
LF:9
LH:9
BRF:0
BRH:0
end_of_record
TN:
SF:src\Service-layer\controllers\BaseControllers.ts
FN:8,(anonymous_0)
FN:17,(anonymous_1)
FN:21,(anonymous_2)
FNF:3
FNH:3
FNDA:1,(anonymous_0)
FNDA:1,(anonymous_1)
FNDA:13,(anonymous_2)
DA:1,1
DA:3,1
DA:9,1
DA:10,1
DA:12,1
DA:18,1
DA:23,13
DA:25,11
DA:26,3
DA:28,8
LF:10
LH:10
BRDA:25,0,0,3
BRDA:25,0,1,8
BRF:2
BRH:2
end_of_record
TN:
SF:src\Service-layer\controllers\ZapatosController.ts
FN:12,(anonymous_8)
FN:16,(anonymous_9)
FN:24,(anonymous_10)
FN:36,(anonymous_12)
FN:53,(anonymous_14)
FN:67,(anonymous_16)
FN:88,(anonymous_18)
FNF:7
FNH:7
FNDA:1,(anonymous_8)
FNDA:1,(anonymous_9)
FNDA:2,(anonymous_10)
FNDA:3,(anonymous_12)
FNDA:2,(anonymous_14)
FNDA:3,(anonymous_16)
FNDA:2,(anonymous_18)
DA:4,1
DA:5,1
DA:6,1
DA:7,1
DA:8,1
DA:9,1
DA:11,1
DA:13,1
DA:17,1
DA:18,1
DA:19,1
DA:20,1
DA:21,1
DA:25,2
DA:26,2
DA:28,2
DA:30,1
DA:32,1
DA:37,3
DA:38,3
DA:39,3
DA:41,3
DA:43,1
DA:45,2
DA:46,1
DA:48,1
DA:54,2
DA:55,2
DA:57,2
DA:59,2
DA:61,1
DA:63,1
DA:68,3
DA:69,3
DA:71,3
DA:73,3
DA:75,1
DA:76,1
DA:78,1
DA:80,3
DA:81,1
DA:83,2
DA:89,2
DA:90,2
DA:91,2
DA:93,2
DA:95,1
DA:97,1
LF:48
LH:48
BRDA:45,0,0,1
BRDA:45,0,1,1
BRDA:80,1,0,1
BRDA:80,1,1,2
BRF:4
BRH:4
end_of_record
TN:
SF:src\Service-layer\tasks\AddZapatoTask.ts
FN:14,(anonymous_8)
FN:18,(anonymous_9)
FNF:2
FNH:2
FNDA:1,(anonymous_8)
FNDA:1,(anonymous_9)
DA:1,1
DA:2,1
DA:11,1
DA:15,1
DA:19,1
DA:20,1
DA:22,1
DA:24,1
LF:8
LH:8
BRF:0
BRH:0
end_of_record
TN:
SF:src\Service-layer\tasks\DeleteZapatoTask.ts
FN:9,(anonymous_8)
FN:13,(anonymous_9)
FN:20,(anonymous_11)
FNF:3
FNH:3
FNDA:2,(anonymous_8)
FNDA:1,(anonymous_9)
FNDA:1,(anonymous_11)
DA:3,1
DA:4,1
DA:6,1
DA:10,2
DA:14,1
DA:15,1
DA:17,1
DA:21,1
DA:22,1
DA:24,1
DA:26,1
DA:27,1
DA:30,0
LF:13
LH:12
BRDA:26,0,0,1
BRDA:26,0,1,0
BRF:2
BRH:1
end_of_record
TN:
SF:src\Service-layer\tasks\FindZapatoTask.ts
FN:9,(anonymous_8)
FN:13,(anonymous_9)
FNF:2
FNH:2
FNDA:2,(anonymous_8)
FNDA:2,(anonymous_9)
DA:2,1
DA:3,1
DA:6,1
DA:10,2
DA:14,2
DA:15,2
DA:17,2
DA:19,2
DA:20,1
DA:23,1
LF:10
LH:10
BRDA:19,0,0,1
BRDA:19,0,1,1
BRF:2
BRH:2
end_of_record
TN:
SF:src\Service-layer\tasks\GetZapatoListTask.ts
FN:7,(anonymous_8)
FNF:1
FNH:1
FNDA:1,(anonymous_8)
DA:2,1
DA:3,1
DA:6,1
DA:8,1
DA:9,1
DA:10,1
LF:6
LH:6
BRF:0
BRH:0
end_of_record
TN:
SF:src\Service-layer\tasks\UpdateZapatoTask.ts
FN:17,(anonymous_8)
FN:21,(anonymous_9)
FNF:2
FNH:2
FNDA:1,(anonymous_8)
FNDA:1,(anonymous_9)
DA:2,1
DA:3,1
DA:4,1
DA:14,1
DA:18,1
DA:22,1
DA:24,1
DA:26,1
DA:27,1
DA:28,1
DA:30,1
DA:31,1
DA:33,1
DA:35,1
LF:14
LH:14
BRF:0
BRH:0
end_of_record
TN:
SF:src\domain-layer\InventoryIns.ts
FN:20,(anonymous_2)
FN:10,(anonymous_3)
FNF:2
FNH:0
FNDA:0,(anonymous_2)
FNDA:0,(anonymous_3)
DA:2,1
DA:3,1
DA:6,1
DA:8,1
DA:10,0
DA:12,1
DA:15,1
DA:18,1
DA:21,0
DA:22,0
DA:23,0
DA:24,0
LF:12
LH:7
BRF:0
BRH:0
end_of_record
TN:
SF:src\domain-layer\Zapato.ts
FN:18,(anonymous_1)
FNF:1
FNH:1
FNDA:12,(anonymous_1)
DA:2,1
DA:5,1
DA:7,1
DA:10,1
DA:13,1
DA:16,1
DA:19,12
DA:20,12
DA:21,12
DA:22,12
LF:10
LH:10
BRF:0
BRH:0
end_of_record
TN:
SF:src\persistence-layer\DatabaseConnection.ts
FN:11,(anonymous_8)
FN:24,(anonymous_9)
FN:28,(anonymous_10)
FN:36,(anonymous_12)
FNF:4
FNH:0
FNDA:0,(anonymous_8)
FNDA:0,(anonymous_9)
FNDA:0,(anonymous_10)
FNDA:0,(anonymous_12)
DA:2,1
DA:3,1
DA:4,1
DA:6,1
DA:12,0
DA:25,0
DA:29,0
DA:30,0
DA:31,0
DA:33,0
DA:37,0
LF:11
LH:4
BRDA:29,0,0,0
BRDA:29,0,1,0
BRF:2
BRH:0
end_of_record
